<?xml version="1.0" encoding="UTF-8"?>
<testng-results skipped="0" failed="0" ignored="0" total="1" passed="1">
  <reporter-output>
  </reporter-output>
  <suite name="Default suite" duration-ms="51768" started-at="2018-07-27T07:06:41Z" finished-at="2018-07-27T07:07:33Z">
    <groups>
    </groups>
    <test name="Default test" duration-ms="51768" started-at="2018-07-27T07:06:41Z" finished-at="2018-07-27T07:07:33Z">
      <class name="com.test.UnmarshallDemo">
        <test-method status="PASS" signature="testLogin()[pri:0, instance:com.test.UnmarshallDemo@29774679]" name="testLogin" duration-ms="51732" started-at="2018-07-27T07:06:41Z" finished-at="2018-07-27T07:07:33Z">
          <reporter-output>
          </reporter-output>
        </test-method> <!-- testLogin -->
      </class> <!-- com.test.UnmarshallDemo -->
    </test> <!-- Default test -->
  </suite> <!-- Default suite -->
</testng-results>
